1372347628: error: 'STP' object has no attribute 'src'
1372347628: error: packed IP wrong length for inet_ntoa
1372347628: error: 'STP' object has no attribute 'src'
1372347628: error: 'ARP' object has no attribute 'src'
1372347628: error: 'ARP' object has no attribute 'src'
1372347628: error: 'ARP' object has no attribute 'src'
1372347628: error: packed IP wrong length for inet_ntoa
1372347629: error: 'STP' object has no attribute 'src'
1372347629: error: 'ARP' object has no attribute 'src'
1372347629: error: packed IP wrong length for inet_ntoa
1372347629: error: 'ARP' object has no attribute 'src'
1372347629: error: 'ARP' object has no attribute 'src'
1372347629: error: 'ARP' object has no attribute 'src'
1372347629: error: 'ARP' object has no attribute 'src'
1372347629: error: 'ARP' object has no attribute 'src'
1372347629: error: 'ARP' object has no attribute 'src'
1372347629: error: 'str' object has no attribute 'src'
1372347629: error: 'STP' object has no attribute 'src'
1372347664: error: 'ARP' object has no attribute 'src'
1372347664: error: 'ARP' object has no attribute 'src'
1372347664: error: 'ARP' object has no attribute 'src'
1372347664: error: 'ARP' object has no attribute 'src'
1372347664: error: 'str' object has no attribute 'src'
1372347664: error: 'STP' object has no attribute 'src'
1372347664: error: 'STP' object has no attribute 'src'
1372347664: error: 'ARP' object has no attribute 'src'
1372347664: error: 'ARP' object has no attribute 'src'
1372347664: error: 'ARP' object has no attribute 'src'
1372347664: error: 'ARP' object has no attribute 'src'
1372347664: error: 'ARP' object has no attribute 'src'
1372347664: error: 'ARP' object has no attribute 'src'
1372347664: error: 'ARP' object has no attribute 'src'
1372347664: error: 'STP' object has no attribute 'src'
1372347664: error: packed IP wrong length for inet_ntoa
1372347664: error: 'STP' object has no attribute 'src'
1372347664: error: 'ARP' object has no attribute 'src'
1372347664: error: 'ARP' object has no attribute 'src'
1372347664: error: 'ARP' object has no attribute 'src'
1372347664: error: 'ARP' object has no attribute 'src'
1372347664: error: 'ARP' object has no attribute 'src'
1372347664: error: 'ARP' object has no attribute 'src'
1372347664: error: 'ARP' object has no attribute 'src'
1372347664: error: 'ARP' object has no attribute 'src'
1372347664: error: 'ARP' object has no attribute 'src'
1372347664: error: 'ARP' object has no attribute 'src'
1372347664: error: 'ARP' object has no attribute 'src'
1372347664: error: 'ARP' object has no attribute 'src'
1372347664: error: 'ARP' object has no attribute 'src'
1372347664: error: 'ARP' object has no attribute 'src'
1372347664: error: 'ARP' object has no attribute 'src'
1372347664: error: 'ARP' object has no attribute 'src'
1372347664: error: 'ARP' object has no attribute 'src'
1372347664: error: 'ARP' object has no attribute 'src'
1372347664: error: 'ARP' object has no attribute 'src'
1372347664: error: 'ARP' object has no attribute 'src'
1372347664: error: 'ARP' object has no attribute 'src'
1372347664: error: 'ARP' object has no attribute 'src'
1372347664: error: 'ARP' object has no attribute 'src'
1372347664: error: 'ARP' object has no attribute 'src'
1372347664: error: 'ARP' object has no attribute 'src'
1372347664: error: 'STP' object has no attribute 'src'
1372347664: error: 'ARP' object has no attribute 'src'
1372347664: error: 'ARP' object has no attribute 'src'
1372347664: error: 'ARP' object has no attribute 'src'
1372347664: error: 'ARP' object has no attribute 'src'
1372347664: error: 'ARP' object has no attribute 'src'
1372347664: error: 'ARP' object has no attribute 'src'
1372347664: error: 'ARP' object has no attribute 'src'
1372347664: error: 'ARP' object has no attribute 'src'
1372347664: error: 'ARP' object has no attribute 'src'
1372347664: error: 'ARP' object has no attribute 'src'
1372347664: error: 'ARP' object has no attribute 'src'
1372347664: error: 'CDP' object has no attribute 'src'
1372347664: error: 'ARP' object has no attribute 'src'
1372347664: error: 'ARP' object has no attribute 'src'
1372347664: error: 'ARP' object has no attribute 'src'
1372347664: error: 'ARP' object has no attribute 'src'
1372347664: error: 'ARP' object has no attribute 'src'
1372347664: error: 'ARP' object has no attribute 'src'
1372347664: error: 'ARP' object has no attribute 'src'
1372347664: error: 'ARP' object has no attribute 'src'
1372347664: error: 'ARP' object has no attribute 'src'
1372347664: error: 'ARP' object has no attribute 'src'
1372347664: error: 'ARP' object has no attribute 'src'
1372347664: error: 'ARP' object has no attribute 'src'
1372347664: error: 'ARP' object has no attribute 'src'
1372347664: error: 'ARP' object has no attribute 'src'
1372347664: error: 'STP' object has no attribute 'src'
1372347664: error: 'ARP' object has no attribute 'src'
1372347664: error: 'ARP' object has no attribute 'src'
1372347664: error: 'ARP' object has no attribute 'src'
1372347664: error: 'ARP' object has no attribute 'src'
1372347664: error: 'ARP' object has no attribute 'src'
1372347664: error: 'ARP' object has no attribute 'src'
1372347664: error: 'ARP' object has no attribute 'src'
1372347664: error: 'ARP' object has no attribute 'src'
1372347664: error: 'ARP' object has no attribute 'src'
1372347664: error: 'ARP' object has no attribute 'src'
1372347664: error: 'ARP' object has no attribute 'src'
1372347664: error: 'ARP' object has no attribute 'src'
1372347664: error: 'ARP' object has no attribute 'src'
1372347664: error: 'ARP' object has no attribute 'src'
1372347664: error: 'ARP' object has no attribute 'src'
1372347664: error: 'ARP' object has no attribute 'src'
1372347664: error: 'ARP' object has no attribute 'src'
1372347664: error: 'ARP' object has no attribute 'src'
1372347664: error: 'ARP' object has no attribute 'src'
1372347664: error: 'ARP' object has no attribute 'src'
1372347664: error: 'ARP' object has no attribute 'src'
1372347664: error: 'ARP' object has no attribute 'src'
1372347664: error: 'ARP' object has no attribute 'src'
1372347664: error: 'ARP' object has no attribute 'src'
1372347664: error: 'ARP' object has no attribute 'src'
1372347664: error: 'ARP' object has no attribute 'src'
1372347664: error: 'ARP' object has no attribute 'src'
1372347664: error: 'ARP' object has no attribute 'src'
1372347664: error: 'ARP' object has no attribute 'src'
1372347664: error: 'ARP' object has no attribute 'src'
1372347664: error: 'ARP' object has no attribute 'src'
1372347664: error: 'ARP' object has no attribute 'src'
1372347664: error: 'ARP' object has no attribute 'src'
1372347664: error: 'ARP' object has no attribute 'src'
1372347664: error: 'ARP' object has no attribute 'src'
1372347664: error: 'ARP' object has no attribute 'src'
1372347664: error: 'ARP' object has no attribute 'src'
1372347664: error: 'ARP' object has no attribute 'src'
1372347664: error: 'ARP' object has no attribute 'src'
1372347664: error: 'ARP' object has no attribute 'src'
1372347664: error: 'ARP' object has no attribute 'src'
1372347664: error: 'ARP' object has no attribute 'src'
1372347664: error: 'STP' object has no attribute 'src'
1372347664: error: 'ARP' object has no attribute 'src'
1372347664: error: 'ARP' object has no attribute 'src'
1372347664: error: 'ARP' object has no attribute 'src'
1372347664: error: 'ARP' object has no attribute 'src'
1372347664: error: 'ARP' object has no attribute 'src'
1372347664: error: 'ARP' object has no attribute 'src'
1372347664: error: 'ARP' object has no attribute 'src'
1372347664: error: 'ARP' object has no attribute 'src'
1372347664: error: 'ARP' object has no attribute 'src'
1372347664: error: 'ARP' object has no attribute 'src'
1372347664: error: 'ARP' object has no attribute 'src'
1372347664: error: 'ARP' object has no attribute 'src'
1372347664: error: 'ARP' object has no attribute 'src'
1372347664: error: 'ARP' object has no attribute 'src'
1372347664: error: 'ARP' object has no attribute 'src'
1372347664: error: 'ARP' object has no attribute 'src'
1372347664: error: 'ARP' object has no attribute 'src'
1372347664: error: 'ARP' object has no attribute 'src'
1372347664: error: 'ARP' object has no attribute 'src'
1372347664: error: 'ARP' object has no attribute 'src'
1372347664: error: 'ARP' object has no attribute 'src'
1372347664: error: 'ARP' object has no attribute 'src'
1372347664: error: 'ARP' object has no attribute 'src'
1372347664: error: 'ARP' object has no attribute 'src'
1372347664: error: 'ARP' object has no attribute 'src'
1372347664: error: 'ARP' object has no attribute 'src'
1372347664: error: 'ARP' object has no attribute 'src'
1372347664: error: 'ARP' object has no attribute 'src'
1372347664: error: 'STP' object has no attribute 'src'
1372347664: error: 'ARP' object has no attribute 'src'
1372347664: error: 'ARP' object has no attribute 'src'
1372347664: error: 'ARP' object has no attribute 'src'
1372347664: error: 'ARP' object has no attribute 'src'
1372347664: error: 'ARP' object has no attribute 'src'
1372347664: error: 'ARP' object has no attribute 'src'
1372347664: error: 'ARP' object has no attribute 'src'
1372347664: error: 'ARP' object has no attribute 'src'
1372347664: error: 'ARP' object has no attribute 'src'
1372347664: error: 'ARP' object has no attribute 'src'
1372347664: error: 'ARP' object has no attribute 'src'
1372347664: error: 'ARP' object has no attribute 'src'
1372347664: error: 'ARP' object has no attribute 'src'
1372347664: error: 'ARP' object has no attribute 'src'
1372347664: error: 'ARP' object has no attribute 'src'
1372347664: error: 'ARP' object has no attribute 'src'
1372347664: error: 'ARP' object has no attribute 'src'
1372347664: error: 'ARP' object has no attribute 'src'
1372347664: error: 'ARP' object has no attribute 'src'
1372347664: error: 'ARP' object has no attribute 'src'
1372347664: error: 'ARP' object has no attribute 'src'
1372347664: error: 'ARP' object has no attribute 'src'
1372347664: error: 'ARP' object has no attribute 'src'
1372347664: error: 'ARP' object has no attribute 'src'
1372347664: error: 'STP' object has no attribute 'src'
1372347664: error: 'ARP' object has no attribute 'src'
1372347664: error: 'ARP' object has no attribute 'src'
1372347664: error: 'ARP' object has no attribute 'src'
1372347664: error: 'ARP' object has no attribute 'src'
1372347664: error: 'ARP' object has no attribute 'src'
1372347664: error: 'ARP' object has no attribute 'src'
1372347664: error: 'ARP' object has no attribute 'src'
1372347664: error: 'ARP' object has no attribute 'src'
1372347664: error: 'ARP' object has no attribute 'src'
1372347664: error: 'ARP' object has no attribute 'src'
1372347664: error: 'ARP' object has no attribute 'src'
1372347664: error: 'ARP' object has no attribute 'src'
1372347664: error: 'ARP' object has no attribute 'src'
1372347664: error: 'ARP' object has no attribute 'src'
1372347664: error: 'STP' object has no attribute 'src'
1372347664: error: 'ARP' object has no attribute 'src'
1372347664: error: 'ARP' object has no attribute 'src'
1372347664: error: 'ARP' object has no attribute 'src'
1372347664: error: 'ARP' object has no attribute 'src'
1372347664: error: 'ARP' object has no attribute 'src'
1372347664: error: 'ARP' object has no attribute 'src'
1372347664: error: 'ARP' object has no attribute 'src'
1372347664: error: 'ARP' object has no attribute 'src'
1372347664: error: 'ARP' object has no attribute 'src'
1372347664: error: 'ARP' object has no attribute 'src'
1372347664: error: 'ARP' object has no attribute 'src'
1372347664: error: 'ARP' object has no attribute 'src'
1372347664: error: 'ARP' object has no attribute 'src'
1372347664: error: 'ARP' object has no attribute 'src'
1372347664: error: 'ARP' object has no attribute 'src'
1372347664: error: 'STP' object has no attribute 'src'
1372347664: error: packed IP wrong length for inet_ntoa
1372347664: error: 'ARP' object has no attribute 'src'
1372347664: error: 'ARP' object has no attribute 'src'
1372347664: error: 'ARP' object has no attribute 'src'
1372347664: error: 'ARP' object has no attribute 'src'
1372347664: error: 'ARP' object has no attribute 'src'
1372347664: error: 'ARP' object has no attribute 'src'
1372347664: error: 'ARP' object has no attribute 'src'
1372347664: error: 'ARP' object has no attribute 'src'
1372347664: error: 'ARP' object has no attribute 'src'
1372347664: error: 'ARP' object has no attribute 'src'
1372347664: error: 'ARP' object has no attribute 'src'
1372347664: error: 'ARP' object has no attribute 'src'
1372347664: error: 'ARP' object has no attribute 'src'
1372347664: error: 'STP' object has no attribute 'src'
1372347664: error: 'ARP' object has no attribute 'src'
1372347664: error: 'ARP' object has no attribute 'src'
1372347664: error: 'ARP' object has no attribute 'src'
1372347664: error: 'ARP' object has no attribute 'src'
1372347664: error: 'ARP' object has no attribute 'src'
1372347664: error: 'ARP' object has no attribute 'src'
1372347664: error: 'ARP' object has no attribute 'src'
1372347664: error: 'STP' object has no attribute 'src'
1372347664: error: 'STP' object has no attribute 'src'
1372347664: error: 'ARP' object has no attribute 'src'
1372347664: error: 'STP' object has no attribute 'src'
1372347664: error: 'ARP' object has no attribute 'src'
1372347664: error: 'ARP' object has no attribute 'src'
1372347664: error: 'ARP' object has no attribute 'src'
1372347664: error: 'ARP' object has no attribute 'src'
1372347664: error: 'ARP' object has no attribute 'src'
1372347664: error: 'ARP' object has no attribute 'src'
1372347664: error: 'STP' object has no attribute 'src'
1372347664: error: 'STP' object has no attribute 'src'
1372347664: error: packed IP wrong length for inet_ntoa
